{"__type":"$$EventMessageWorkflow","id":"753ae620-36f2-4022-b834-1cd576aa07c6","ts":"2023-05-28T11:33:07.761-04:00","eventName":"n8n.workflow.started","message":"n8n.workflow.started","payload":{"executionId":"258","userId":"4eff3942-1490-4ab5-84b2-9320798516d2","workflowId":"2","isManual":true,"workflowName":"Extract text from a PDF file"}}
{"__type":"$$EventMessageConfirm","confirm":"753ae620-36f2-4022-b834-1cd576aa07c6","ts":"2023-05-28T11:33:07.761-04:00","source":{"id":"0","name":"eventBus"}}
{"__type":"$$EventMessageNode","id":"c294d357-71fe-4b09-b95e-86c578c40bb0","ts":"2023-05-28T11:33:09.034-04:00","eventName":"n8n.node.started","message":"n8n.node.started","payload":{"executionId":"258","nodeName":"Webhook","workflowId":"2","workflowName":"Extract text from a PDF file","nodeType":"n8n-nodes-base.webhook"}}
{"__type":"$$EventMessageConfirm","confirm":"c294d357-71fe-4b09-b95e-86c578c40bb0","ts":"2023-05-28T11:33:09.034-04:00","source":{"id":"0","name":"eventBus"}}
{"__type":"$$EventMessageNode","id":"083fd183-aa72-416a-82c6-699742e311aa","ts":"2023-05-28T11:33:09.035-04:00","eventName":"n8n.node.finished","message":"n8n.node.finished","payload":{"executionId":"258","nodeName":"Webhook","workflowId":"2","workflowName":"Extract text from a PDF file","nodeType":"n8n-nodes-base.webhook"}}
{"__type":"$$EventMessageConfirm","confirm":"083fd183-aa72-416a-82c6-699742e311aa","ts":"2023-05-28T11:33:09.036-04:00","source":{"id":"0","name":"eventBus"}}
{"__type":"$$EventMessageNode","id":"1d774c9b-44eb-44f8-96c7-a9ce6c38bd82","ts":"2023-05-28T11:33:09.037-04:00","eventName":"n8n.node.started","message":"n8n.node.started","payload":{"executionId":"258","nodeName":"IF","workflowId":"2","workflowName":"Extract text from a PDF file","nodeType":"n8n-nodes-base.if"}}
{"__type":"$$EventMessageConfirm","confirm":"1d774c9b-44eb-44f8-96c7-a9ce6c38bd82","ts":"2023-05-28T11:33:09.037-04:00","source":{"id":"0","name":"eventBus"}}
{"__type":"$$EventMessageNode","id":"2073c0f1-96b1-415d-b4ec-33cdc6e9afd1","ts":"2023-05-28T11:33:09.075-04:00","eventName":"n8n.node.finished","message":"n8n.node.finished","payload":{"executionId":"258","nodeName":"IF","workflowId":"2","workflowName":"Extract text from a PDF file","nodeType":"n8n-nodes-base.if"}}
{"__type":"$$EventMessageConfirm","confirm":"2073c0f1-96b1-415d-b4ec-33cdc6e9afd1","ts":"2023-05-28T11:33:09.076-04:00","source":{"id":"0","name":"eventBus"}}
{"__type":"$$EventMessageNode","id":"bf466ce7-3f40-4aa5-845e-92a7761e813b","ts":"2023-05-28T11:33:09.078-04:00","eventName":"n8n.node.started","message":"n8n.node.started","payload":{"executionId":"258","nodeName":"Write Binary File","workflowId":"2","workflowName":"Extract text from a PDF file","nodeType":"n8n-nodes-base.writeBinaryFile"}}
{"__type":"$$EventMessageConfirm","confirm":"bf466ce7-3f40-4aa5-845e-92a7761e813b","ts":"2023-05-28T11:33:09.078-04:00","source":{"id":"0","name":"eventBus"}}
{"__type":"$$EventMessageNode","id":"0389fcfd-4849-4246-84ab-1e9d55ceced2","ts":"2023-05-28T11:33:09.079-04:00","eventName":"n8n.node.finished","message":"n8n.node.finished","payload":{"executionId":"258","nodeName":"Write Binary File","workflowId":"2","workflowName":"Extract text from a PDF file","nodeType":"n8n-nodes-base.writeBinaryFile"}}
{"__type":"$$EventMessageConfirm","confirm":"0389fcfd-4849-4246-84ab-1e9d55ceced2","ts":"2023-05-28T11:33:09.079-04:00","source":{"id":"0","name":"eventBus"}}
{"__type":"$$EventMessageWorkflow","id":"6384ae8c-b046-4bdf-9280-18cff7440209","ts":"2023-05-28T11:33:09.108-04:00","eventName":"n8n.workflow.failed","message":"n8n.workflow.failed","payload":{"executionId":"258","success":false,"userId":"4eff3942-1490-4ab5-84b2-9320798516d2","workflowId":"2","lastNodeExecuted":"Write Binary File","errorNodeType":"n8n-nodes-base.writeBinaryFile","errorNodeId":"5","errorMessage":"EACCES: permission denied, open '/data/soccer.pdf'","isManual":true,"workflowName":"Extract text from a PDF file"}}
{"__type":"$$EventMessageConfirm","confirm":"6384ae8c-b046-4bdf-9280-18cff7440209","ts":"2023-05-28T11:33:09.108-04:00","source":{"id":"0","name":"eventBus"}}
{"__type":"$$EventMessageAudit","id":"44ca158c-588a-4cac-8703-51a14f42bd5f","ts":"2023-05-28T11:42:07.320-04:00","eventName":"n8n.audit.workflow.updated","message":"n8n.audit.workflow.updated","payload":{"userId":"4eff3942-1490-4ab5-84b2-9320798516d2","_email":"n8n@n8n.com","_firstName":"n8n","_lastName":"n8n","globalRole":"owner","workflowId":"2","workflowName":"Extract text from a PDF file"}}
{"__type":"$$EventMessageConfirm","confirm":"44ca158c-588a-4cac-8703-51a14f42bd5f","ts":"2023-05-28T11:42:07.320-04:00","source":{"id":"0","name":"eventBus"}}
{"__type":"$$EventMessageAudit","id":"2ca88c5f-279a-46b1-bb38-39ebd05147c2","ts":"2023-05-28T11:42:48.689-04:00","eventName":"n8n.audit.workflow.updated","message":"n8n.audit.workflow.updated","payload":{"userId":"4eff3942-1490-4ab5-84b2-9320798516d2","_email":"n8n@n8n.com","_firstName":"n8n","_lastName":"n8n","globalRole":"owner","workflowId":"2","workflowName":"Extract text from a PDF file"}}
{"__type":"$$EventMessageConfirm","confirm":"2ca88c5f-279a-46b1-bb38-39ebd05147c2","ts":"2023-05-28T11:42:48.689-04:00","source":{"id":"0","name":"eventBus"}}
{"__type":"$$EventMessageWorkflow","id":"7d9fb1cb-840e-4ae9-bf10-6c5e9eb3bca3","ts":"2023-05-28T11:42:52.504-04:00","eventName":"n8n.workflow.started","message":"n8n.workflow.started","payload":{"executionId":"259","userId":"4eff3942-1490-4ab5-84b2-9320798516d2","workflowId":"2","isManual":true,"workflowName":"Extract text from a PDF file"}}
{"__type":"$$EventMessageConfirm","confirm":"7d9fb1cb-840e-4ae9-bf10-6c5e9eb3bca3","ts":"2023-05-28T11:42:52.505-04:00","source":{"id":"0","name":"eventBus"}}
{"__type":"$$EventMessageNode","id":"28220be6-639d-4599-b63b-9a54e26b9e16","ts":"2023-05-28T11:42:53.739-04:00","eventName":"n8n.node.started","message":"n8n.node.started","payload":{"executionId":"259","nodeName":"Webhook","workflowId":"2","workflowName":"Extract text from a PDF file","nodeType":"n8n-nodes-base.webhook"}}
{"__type":"$$EventMessageConfirm","confirm":"28220be6-639d-4599-b63b-9a54e26b9e16","ts":"2023-05-28T11:42:53.739-04:00","source":{"id":"0","name":"eventBus"}}
{"__type":"$$EventMessageNode","id":"95f8388a-43cd-4eb2-84d6-f5ce3089b67c","ts":"2023-05-28T11:42:53.740-04:00","eventName":"n8n.node.finished","message":"n8n.node.finished","payload":{"executionId":"259","nodeName":"Webhook","workflowId":"2","workflowName":"Extract text from a PDF file","nodeType":"n8n-nodes-base.webhook"}}
{"__type":"$$EventMessageConfirm","confirm":"95f8388a-43cd-4eb2-84d6-f5ce3089b67c","ts":"2023-05-28T11:42:53.741-04:00","source":{"id":"0","name":"eventBus"}}
{"__type":"$$EventMessageNode","id":"69df0387-51a1-4001-88bb-5c2a2b7baf0b","ts":"2023-05-28T11:42:53.742-04:00","eventName":"n8n.node.started","message":"n8n.node.started","payload":{"executionId":"259","nodeName":"IF","workflowId":"2","workflowName":"Extract text from a PDF file","nodeType":"n8n-nodes-base.if"}}
{"__type":"$$EventMessageConfirm","confirm":"69df0387-51a1-4001-88bb-5c2a2b7baf0b","ts":"2023-05-28T11:42:53.742-04:00","source":{"id":"0","name":"eventBus"}}
{"__type":"$$EventMessageNode","id":"59954ace-19c8-47ea-bf21-a5d179541d36","ts":"2023-05-28T11:42:53.771-04:00","eventName":"n8n.node.finished","message":"n8n.node.finished","payload":{"executionId":"259","nodeName":"IF","workflowId":"2","workflowName":"Extract text from a PDF file","nodeType":"n8n-nodes-base.if"}}
{"__type":"$$EventMessageConfirm","confirm":"59954ace-19c8-47ea-bf21-a5d179541d36","ts":"2023-05-28T11:42:53.771-04:00","source":{"id":"0","name":"eventBus"}}
{"__type":"$$EventMessageNode","id":"88eb1af5-9580-41b0-b7d3-1066e87dc1b5","ts":"2023-05-28T11:42:53.772-04:00","eventName":"n8n.node.started","message":"n8n.node.started","payload":{"executionId":"259","nodeName":"Code","workflowId":"2","workflowName":"Extract text from a PDF file","nodeType":"n8n-nodes-base.code"}}
{"__type":"$$EventMessageConfirm","confirm":"88eb1af5-9580-41b0-b7d3-1066e87dc1b5","ts":"2023-05-28T11:42:53.772-04:00","source":{"id":"0","name":"eventBus"}}
{"__type":"$$EventMessageNode","id":"956bb5d0-5b21-44af-81e1-bab8fad1f57e","ts":"2023-05-28T11:42:53.789-04:00","eventName":"n8n.node.finished","message":"n8n.node.finished","payload":{"executionId":"259","nodeName":"Code","workflowId":"2","workflowName":"Extract text from a PDF file","nodeType":"n8n-nodes-base.code"}}
{"__type":"$$EventMessageConfirm","confirm":"956bb5d0-5b21-44af-81e1-bab8fad1f57e","ts":"2023-05-28T11:42:53.789-04:00","source":{"id":"0","name":"eventBus"}}
{"__type":"$$EventMessageWorkflow","id":"f3208e44-c859-4e73-890c-989ef81adbf8","ts":"2023-05-28T11:42:53.823-04:00","eventName":"n8n.workflow.failed","message":"n8n.workflow.failed","payload":{"executionId":"259","success":false,"userId":"4eff3942-1490-4ab5-84b2-9320798516d2","workflowId":"2","lastNodeExecuted":"Code","errorNodeType":"n8n-nodes-base.code","errorNodeId":"5","errorMessage":"Cannot find module 'fs' [line 8]","isManual":true,"workflowName":"Extract text from a PDF file"}}
{"__type":"$$EventMessageConfirm","confirm":"f3208e44-c859-4e73-890c-989ef81adbf8","ts":"2023-05-28T11:42:53.824-04:00","source":{"id":"0","name":"eventBus"}}
{"__type":"$$EventMessageAudit","id":"1351754c-2f97-4135-9dc5-81bb1a644cb0","ts":"2023-05-28T12:31:38.556-04:00","eventName":"n8n.audit.workflow.updated","message":"n8n.audit.workflow.updated","payload":{"userId":"4eff3942-1490-4ab5-84b2-9320798516d2","_email":"n8n@n8n.com","_firstName":"n8n","_lastName":"n8n","globalRole":"owner","workflowId":"2","workflowName":"Extract text from a PDF file"}}
{"__type":"$$EventMessageConfirm","confirm":"1351754c-2f97-4135-9dc5-81bb1a644cb0","ts":"2023-05-28T12:31:38.557-04:00","source":{"id":"0","name":"eventBus"}}
{"__type":"$$EventMessageWorkflow","id":"779e71e0-55fd-4f24-ae03-3eb76dbb1887","ts":"2023-05-28T12:31:43.196-04:00","eventName":"n8n.workflow.started","message":"n8n.workflow.started","payload":{"executionId":"260","userId":"4eff3942-1490-4ab5-84b2-9320798516d2","workflowId":"2","isManual":true,"workflowName":"Extract text from a PDF file"}}
{"__type":"$$EventMessageConfirm","confirm":"779e71e0-55fd-4f24-ae03-3eb76dbb1887","ts":"2023-05-28T12:31:43.197-04:00","source":{"id":"0","name":"eventBus"}}
{"__type":"$$EventMessageNode","id":"75f3863b-8b5d-413d-b955-16d4ca273a81","ts":"2023-05-28T12:31:44.451-04:00","eventName":"n8n.node.started","message":"n8n.node.started","payload":{"executionId":"260","nodeName":"Webhook","workflowId":"2","workflowName":"Extract text from a PDF file","nodeType":"n8n-nodes-base.webhook"}}
{"__type":"$$EventMessageConfirm","confirm":"75f3863b-8b5d-413d-b955-16d4ca273a81","ts":"2023-05-28T12:31:44.451-04:00","source":{"id":"0","name":"eventBus"}}
{"__type":"$$EventMessageNode","id":"f197b377-9e23-4be7-870e-2ed719e0f887","ts":"2023-05-28T12:31:44.453-04:00","eventName":"n8n.node.finished","message":"n8n.node.finished","payload":{"executionId":"260","nodeName":"Webhook","workflowId":"2","workflowName":"Extract text from a PDF file","nodeType":"n8n-nodes-base.webhook"}}
{"__type":"$$EventMessageConfirm","confirm":"f197b377-9e23-4be7-870e-2ed719e0f887","ts":"2023-05-28T12:31:44.453-04:00","source":{"id":"0","name":"eventBus"}}
{"__type":"$$EventMessageNode","id":"817455dc-8200-4d66-84bb-9596b8a618f3","ts":"2023-05-28T12:31:44.456-04:00","eventName":"n8n.node.started","message":"n8n.node.started","payload":{"executionId":"260","nodeName":"IF","workflowId":"2","workflowName":"Extract text from a PDF file","nodeType":"n8n-nodes-base.if"}}
{"__type":"$$EventMessageConfirm","confirm":"817455dc-8200-4d66-84bb-9596b8a618f3","ts":"2023-05-28T12:31:44.456-04:00","source":{"id":"0","name":"eventBus"}}
{"__type":"$$EventMessageNode","id":"9e09df5f-b4e4-407b-a6c1-b620d2373edb","ts":"2023-05-28T12:31:44.482-04:00","eventName":"n8n.node.finished","message":"n8n.node.finished","payload":{"executionId":"260","nodeName":"IF","workflowId":"2","workflowName":"Extract text from a PDF file","nodeType":"n8n-nodes-base.if"}}
{"__type":"$$EventMessageConfirm","confirm":"9e09df5f-b4e4-407b-a6c1-b620d2373edb","ts":"2023-05-28T12:31:44.482-04:00","source":{"id":"0","name":"eventBus"}}
{"__type":"$$EventMessageNode","id":"adf71cc1-401f-4157-940f-097d76da14a4","ts":"2023-05-28T12:31:44.484-04:00","eventName":"n8n.node.started","message":"n8n.node.started","payload":{"executionId":"260","nodeName":"Read Binary Files","workflowId":"2","workflowName":"Extract text from a PDF file","nodeType":"n8n-nodes-base.readBinaryFiles"}}
{"__type":"$$EventMessageConfirm","confirm":"adf71cc1-401f-4157-940f-097d76da14a4","ts":"2023-05-28T12:31:44.484-04:00","source":{"id":"0","name":"eventBus"}}
{"__type":"$$EventMessageNode","id":"7fa88825-a9cd-4196-a3ec-6588faca8794","ts":"2023-05-28T12:31:44.490-04:00","eventName":"n8n.node.finished","message":"n8n.node.finished","payload":{"executionId":"260","nodeName":"Read Binary Files","workflowId":"2","workflowName":"Extract text from a PDF file","nodeType":"n8n-nodes-base.readBinaryFiles"}}
{"__type":"$$EventMessageConfirm","confirm":"7fa88825-a9cd-4196-a3ec-6588faca8794","ts":"2023-05-28T12:31:44.490-04:00","source":{"id":"0","name":"eventBus"}}
{"__type":"$$EventMessageNode","id":"c1ce026e-cb12-44a9-a1bb-e357bf2ef030","ts":"2023-05-28T12:31:44.491-04:00","eventName":"n8n.node.started","message":"n8n.node.started","payload":{"executionId":"260","nodeName":"Respond to Webhook2","workflowId":"2","workflowName":"Extract text from a PDF file","nodeType":"n8n-nodes-base.respondToWebhook"}}
{"__type":"$$EventMessageConfirm","confirm":"c1ce026e-cb12-44a9-a1bb-e357bf2ef030","ts":"2023-05-28T12:31:44.491-04:00","source":{"id":"0","name":"eventBus"}}
{"__type":"$$EventMessageNode","id":"559873be-aaef-4645-9d31-4d254d654a3e","ts":"2023-05-28T12:31:44.492-04:00","eventName":"n8n.node.finished","message":"n8n.node.finished","payload":{"executionId":"260","nodeName":"Respond to Webhook2","workflowId":"2","workflowName":"Extract text from a PDF file","nodeType":"n8n-nodes-base.respondToWebhook"}}
{"__type":"$$EventMessageConfirm","confirm":"559873be-aaef-4645-9d31-4d254d654a3e","ts":"2023-05-28T12:31:44.492-04:00","source":{"id":"0","name":"eventBus"}}
{"__type":"$$EventMessageWorkflow","id":"367684d4-a14b-4fbd-b817-56e2602d02f2","ts":"2023-05-28T12:31:44.514-04:00","eventName":"n8n.workflow.success","message":"n8n.workflow.success","payload":{"executionId":"260","success":true,"userId":"4eff3942-1490-4ab5-84b2-9320798516d2","workflowId":"2","isManual":true,"workflowName":"Extract text from a PDF file"}}
{"__type":"$$EventMessageConfirm","confirm":"367684d4-a14b-4fbd-b817-56e2602d02f2","ts":"2023-05-28T12:31:44.514-04:00","source":{"id":"0","name":"eventBus"}}
{"__type":"$$EventMessageAudit","id":"a3d5146d-96ef-4ea7-bcac-484cbd4f4d82","ts":"2023-05-28T12:32:08.062-04:00","eventName":"n8n.audit.workflow.updated","message":"n8n.audit.workflow.updated","payload":{"userId":"4eff3942-1490-4ab5-84b2-9320798516d2","_email":"n8n@n8n.com","_firstName":"n8n","_lastName":"n8n","globalRole":"owner","workflowId":"2","workflowName":"Extract text from a PDF file"}}
{"__type":"$$EventMessageConfirm","confirm":"a3d5146d-96ef-4ea7-bcac-484cbd4f4d82","ts":"2023-05-28T12:32:08.062-04:00","source":{"id":"0","name":"eventBus"}}
{"__type":"$$EventMessageWorkflow","id":"9d1bc496-91a2-4e71-b91c-0e152366bafa","ts":"2023-05-28T12:32:13.792-04:00","eventName":"n8n.workflow.started","message":"n8n.workflow.started","payload":{"executionId":"261","userId":"4eff3942-1490-4ab5-84b2-9320798516d2","workflowId":"2","isManual":true,"workflowName":"Extract text from a PDF file"}}
{"__type":"$$EventMessageConfirm","confirm":"9d1bc496-91a2-4e71-b91c-0e152366bafa","ts":"2023-05-28T12:32:13.792-04:00","source":{"id":"0","name":"eventBus"}}
{"__type":"$$EventMessageNode","id":"c834cd4d-9e30-4a81-9981-2f91803a8377","ts":"2023-05-28T12:32:15.038-04:00","eventName":"n8n.node.started","message":"n8n.node.started","payload":{"executionId":"261","nodeName":"Webhook","workflowId":"2","workflowName":"Extract text from a PDF file","nodeType":"n8n-nodes-base.webhook"}}
{"__type":"$$EventMessageConfirm","confirm":"c834cd4d-9e30-4a81-9981-2f91803a8377","ts":"2023-05-28T12:32:15.038-04:00","source":{"id":"0","name":"eventBus"}}
{"__type":"$$EventMessageNode","id":"687f9ac0-cce4-46e3-a4ff-34a23f2af8a3","ts":"2023-05-28T12:32:15.041-04:00","eventName":"n8n.node.finished","message":"n8n.node.finished","payload":{"executionId":"261","nodeName":"Webhook","workflowId":"2","workflowName":"Extract text from a PDF file","nodeType":"n8n-nodes-base.webhook"}}
{"__type":"$$EventMessageConfirm","confirm":"687f9ac0-cce4-46e3-a4ff-34a23f2af8a3","ts":"2023-05-28T12:32:15.041-04:00","source":{"id":"0","name":"eventBus"}}
{"__type":"$$EventMessageNode","id":"c6e2ae6b-7ef7-40e6-aaac-6e7e09493119","ts":"2023-05-28T12:32:15.042-04:00","eventName":"n8n.node.started","message":"n8n.node.started","payload":{"executionId":"261","nodeName":"IF","workflowId":"2","workflowName":"Extract text from a PDF file","nodeType":"n8n-nodes-base.if"}}
{"__type":"$$EventMessageConfirm","confirm":"c6e2ae6b-7ef7-40e6-aaac-6e7e09493119","ts":"2023-05-28T12:32:15.042-04:00","source":{"id":"0","name":"eventBus"}}
{"__type":"$$EventMessageNode","id":"0188114e-263f-480f-b65d-96fe606a9504","ts":"2023-05-28T12:32:15.069-04:00","eventName":"n8n.node.finished","message":"n8n.node.finished","payload":{"executionId":"261","nodeName":"IF","workflowId":"2","workflowName":"Extract text from a PDF file","nodeType":"n8n-nodes-base.if"}}
{"__type":"$$EventMessageConfirm","confirm":"0188114e-263f-480f-b65d-96fe606a9504","ts":"2023-05-28T12:32:15.069-04:00","source":{"id":"0","name":"eventBus"}}
{"__type":"$$EventMessageNode","id":"9bcd55e0-86be-4301-8667-71c9d1c9e609","ts":"2023-05-28T12:32:15.070-04:00","eventName":"n8n.node.started","message":"n8n.node.started","payload":{"executionId":"261","nodeName":"Read Binary Files","workflowId":"2","workflowName":"Extract text from a PDF file","nodeType":"n8n-nodes-base.readBinaryFiles"}}
{"__type":"$$EventMessageConfirm","confirm":"9bcd55e0-86be-4301-8667-71c9d1c9e609","ts":"2023-05-28T12:32:15.070-04:00","source":{"id":"0","name":"eventBus"}}
{"__type":"$$EventMessageNode","id":"b41486c0-a3b2-4239-b3a6-e96a541f6c0b","ts":"2023-05-28T12:32:15.075-04:00","eventName":"n8n.node.finished","message":"n8n.node.finished","payload":{"executionId":"261","nodeName":"Read Binary Files","workflowId":"2","workflowName":"Extract text from a PDF file","nodeType":"n8n-nodes-base.readBinaryFiles"}}
{"__type":"$$EventMessageConfirm","confirm":"b41486c0-a3b2-4239-b3a6-e96a541f6c0b","ts":"2023-05-28T12:32:15.075-04:00","source":{"id":"0","name":"eventBus"}}
{"__type":"$$EventMessageNode","id":"9a53013b-6b8a-4d9d-89a2-2bdcedc4f674","ts":"2023-05-28T12:32:15.076-04:00","eventName":"n8n.node.started","message":"n8n.node.started","payload":{"executionId":"261","nodeName":"Respond to Webhook2","workflowId":"2","workflowName":"Extract text from a PDF file","nodeType":"n8n-nodes-base.respondToWebhook"}}
{"__type":"$$EventMessageConfirm","confirm":"9a53013b-6b8a-4d9d-89a2-2bdcedc4f674","ts":"2023-05-28T12:32:15.076-04:00","source":{"id":"0","name":"eventBus"}}
{"__type":"$$EventMessageNode","id":"00bb0038-04c4-4f05-8599-074cad928d6e","ts":"2023-05-28T12:32:15.077-04:00","eventName":"n8n.node.finished","message":"n8n.node.finished","payload":{"executionId":"261","nodeName":"Respond to Webhook2","workflowId":"2","workflowName":"Extract text from a PDF file","nodeType":"n8n-nodes-base.respondToWebhook"}}
{"__type":"$$EventMessageConfirm","confirm":"00bb0038-04c4-4f05-8599-074cad928d6e","ts":"2023-05-28T12:32:15.077-04:00","source":{"id":"0","name":"eventBus"}}
{"__type":"$$EventMessageWorkflow","id":"6396d26f-b4f8-4b3d-a196-91a811fdea96","ts":"2023-05-28T12:32:15.110-04:00","eventName":"n8n.workflow.success","message":"n8n.workflow.success","payload":{"executionId":"261","success":true,"userId":"4eff3942-1490-4ab5-84b2-9320798516d2","workflowId":"2","isManual":true,"workflowName":"Extract text from a PDF file"}}
{"__type":"$$EventMessageConfirm","confirm":"6396d26f-b4f8-4b3d-a196-91a811fdea96","ts":"2023-05-28T12:32:15.110-04:00","source":{"id":"0","name":"eventBus"}}
{"__type":"$$EventMessageAudit","id":"47ad591c-f374-4ce3-9ae3-27993814d2ed","ts":"2023-05-28T12:33:33.645-04:00","eventName":"n8n.audit.workflow.updated","message":"n8n.audit.workflow.updated","payload":{"userId":"4eff3942-1490-4ab5-84b2-9320798516d2","_email":"n8n@n8n.com","_firstName":"n8n","_lastName":"n8n","globalRole":"owner","workflowId":"2","workflowName":"Extract text from a PDF file"}}
{"__type":"$$EventMessageConfirm","confirm":"47ad591c-f374-4ce3-9ae3-27993814d2ed","ts":"2023-05-28T12:33:33.645-04:00","source":{"id":"0","name":"eventBus"}}
{"__type":"$$EventMessageWorkflow","id":"0f68d75b-eba6-4d92-9cd8-6a61e7d102d5","ts":"2023-05-28T12:33:36.429-04:00","eventName":"n8n.workflow.started","message":"n8n.workflow.started","payload":{"executionId":"262","userId":"4eff3942-1490-4ab5-84b2-9320798516d2","workflowId":"2","isManual":true,"workflowName":"Extract text from a PDF file"}}
{"__type":"$$EventMessageConfirm","confirm":"0f68d75b-eba6-4d92-9cd8-6a61e7d102d5","ts":"2023-05-28T12:33:36.429-04:00","source":{"id":"0","name":"eventBus"}}
{"__type":"$$EventMessageNode","id":"b2bd0179-3831-40da-a497-28b43d619572","ts":"2023-05-28T12:33:37.696-04:00","eventName":"n8n.node.started","message":"n8n.node.started","payload":{"executionId":"262","nodeName":"Webhook","workflowId":"2","workflowName":"Extract text from a PDF file","nodeType":"n8n-nodes-base.webhook"}}
{"__type":"$$EventMessageConfirm","confirm":"b2bd0179-3831-40da-a497-28b43d619572","ts":"2023-05-28T12:33:37.696-04:00","source":{"id":"0","name":"eventBus"}}
{"__type":"$$EventMessageNode","id":"5bf9211c-833d-4b32-97cf-1f834f7ab2c4","ts":"2023-05-28T12:33:37.698-04:00","eventName":"n8n.node.finished","message":"n8n.node.finished","payload":{"executionId":"262","nodeName":"Webhook","workflowId":"2","workflowName":"Extract text from a PDF file","nodeType":"n8n-nodes-base.webhook"}}
{"__type":"$$EventMessageConfirm","confirm":"5bf9211c-833d-4b32-97cf-1f834f7ab2c4","ts":"2023-05-28T12:33:37.698-04:00","source":{"id":"0","name":"eventBus"}}
{"__type":"$$EventMessageNode","id":"99723b18-0855-4a73-bddb-c8f88f4b1eac","ts":"2023-05-28T12:33:37.700-04:00","eventName":"n8n.node.started","message":"n8n.node.started","payload":{"executionId":"262","nodeName":"IF","workflowId":"2","workflowName":"Extract text from a PDF file","nodeType":"n8n-nodes-base.if"}}
{"__type":"$$EventMessageConfirm","confirm":"99723b18-0855-4a73-bddb-c8f88f4b1eac","ts":"2023-05-28T12:33:37.700-04:00","source":{"id":"0","name":"eventBus"}}
{"__type":"$$EventMessageNode","id":"734c66fd-d40c-45c1-8535-4fe570950de3","ts":"2023-05-28T12:33:37.738-04:00","eventName":"n8n.node.finished","message":"n8n.node.finished","payload":{"executionId":"262","nodeName":"IF","workflowId":"2","workflowName":"Extract text from a PDF file","nodeType":"n8n-nodes-base.if"}}
{"__type":"$$EventMessageConfirm","confirm":"734c66fd-d40c-45c1-8535-4fe570950de3","ts":"2023-05-28T12:33:37.738-04:00","source":{"id":"0","name":"eventBus"}}
{"__type":"$$EventMessageNode","id":"8a8f5d41-f7cc-400c-a29e-4ce3926817d3","ts":"2023-05-28T12:33:37.740-04:00","eventName":"n8n.node.started","message":"n8n.node.started","payload":{"executionId":"262","nodeName":"Read Binary Files","workflowId":"2","workflowName":"Extract text from a PDF file","nodeType":"n8n-nodes-base.readBinaryFiles"}}
{"__type":"$$EventMessageConfirm","confirm":"8a8f5d41-f7cc-400c-a29e-4ce3926817d3","ts":"2023-05-28T12:33:37.740-04:00","source":{"id":"0","name":"eventBus"}}
{"__type":"$$EventMessageNode","id":"e046c383-f6f8-4aa4-9738-1c2b62f082ee","ts":"2023-05-28T12:33:37.743-04:00","eventName":"n8n.node.finished","message":"n8n.node.finished","payload":{"executionId":"262","nodeName":"Read Binary Files","workflowId":"2","workflowName":"Extract text from a PDF file","nodeType":"n8n-nodes-base.readBinaryFiles"}}
{"__type":"$$EventMessageConfirm","confirm":"e046c383-f6f8-4aa4-9738-1c2b62f082ee","ts":"2023-05-28T12:33:37.743-04:00","source":{"id":"0","name":"eventBus"}}
{"__type":"$$EventMessageNode","id":"04622b12-cd82-45e7-88ca-e990b03f6dc6","ts":"2023-05-28T12:33:37.744-04:00","eventName":"n8n.node.started","message":"n8n.node.started","payload":{"executionId":"262","nodeName":"Respond to Webhook2","workflowId":"2","workflowName":"Extract text from a PDF file","nodeType":"n8n-nodes-base.respondToWebhook"}}
{"__type":"$$EventMessageConfirm","confirm":"04622b12-cd82-45e7-88ca-e990b03f6dc6","ts":"2023-05-28T12:33:37.744-04:00","source":{"id":"0","name":"eventBus"}}
{"__type":"$$EventMessageNode","id":"2c76a11e-0c17-4a46-919a-173ca7731356","ts":"2023-05-28T12:33:37.745-04:00","eventName":"n8n.node.finished","message":"n8n.node.finished","payload":{"executionId":"262","nodeName":"Respond to Webhook2","workflowId":"2","workflowName":"Extract text from a PDF file","nodeType":"n8n-nodes-base.respondToWebhook"}}
{"__type":"$$EventMessageConfirm","confirm":"2c76a11e-0c17-4a46-919a-173ca7731356","ts":"2023-05-28T12:33:37.745-04:00","source":{"id":"0","name":"eventBus"}}
{"__type":"$$EventMessageWorkflow","id":"0d4e14dc-813c-4da3-96bc-ccc6c27ab8f3","ts":"2023-05-28T12:33:37.770-04:00","eventName":"n8n.workflow.success","message":"n8n.workflow.success","payload":{"executionId":"262","success":true,"userId":"4eff3942-1490-4ab5-84b2-9320798516d2","workflowId":"2","isManual":true,"workflowName":"Extract text from a PDF file"}}
{"__type":"$$EventMessageConfirm","confirm":"0d4e14dc-813c-4da3-96bc-ccc6c27ab8f3","ts":"2023-05-28T12:33:37.770-04:00","source":{"id":"0","name":"eventBus"}}
{"__type":"$$EventMessageAudit","id":"5f6b7de4-b38e-4f78-864e-1b6c71a2eceb","ts":"2023-05-28T12:37:31.690-04:00","eventName":"n8n.audit.workflow.updated","message":"n8n.audit.workflow.updated","payload":{"userId":"4eff3942-1490-4ab5-84b2-9320798516d2","_email":"n8n@n8n.com","_firstName":"n8n","_lastName":"n8n","globalRole":"owner","workflowId":"2","workflowName":"Extract text from a PDF file"}}
{"__type":"$$EventMessageConfirm","confirm":"5f6b7de4-b38e-4f78-864e-1b6c71a2eceb","ts":"2023-05-28T12:37:31.690-04:00","source":{"id":"0","name":"eventBus"}}
{"__type":"$$EventMessageWorkflow","id":"5f5b277f-dcce-4f4f-96d8-2187ed0e0d2c","ts":"2023-05-28T12:37:41.130-04:00","eventName":"n8n.workflow.started","message":"n8n.workflow.started","payload":{"executionId":"263","userId":"4eff3942-1490-4ab5-84b2-9320798516d2","workflowId":"2","isManual":true,"workflowName":"Extract text from a PDF file"}}
{"__type":"$$EventMessageConfirm","confirm":"5f5b277f-dcce-4f4f-96d8-2187ed0e0d2c","ts":"2023-05-28T12:37:41.130-04:00","source":{"id":"0","name":"eventBus"}}
{"__type":"$$EventMessageNode","id":"2dff9a23-49ac-4cae-8205-5f05292a0ace","ts":"2023-05-28T12:37:42.405-04:00","eventName":"n8n.node.started","message":"n8n.node.started","payload":{"executionId":"263","nodeName":"Webhook","workflowId":"2","workflowName":"Extract text from a PDF file","nodeType":"n8n-nodes-base.webhook"}}
{"__type":"$$EventMessageConfirm","confirm":"2dff9a23-49ac-4cae-8205-5f05292a0ace","ts":"2023-05-28T12:37:42.406-04:00","source":{"id":"0","name":"eventBus"}}
{"__type":"$$EventMessageNode","id":"284df993-577a-48c6-8aee-3766cbc91e99","ts":"2023-05-28T12:37:42.408-04:00","eventName":"n8n.node.finished","message":"n8n.node.finished","payload":{"executionId":"263","nodeName":"Webhook","workflowId":"2","workflowName":"Extract text from a PDF file","nodeType":"n8n-nodes-base.webhook"}}
{"__type":"$$EventMessageConfirm","confirm":"284df993-577a-48c6-8aee-3766cbc91e99","ts":"2023-05-28T12:37:42.408-04:00","source":{"id":"0","name":"eventBus"}}
{"__type":"$$EventMessageNode","id":"63f08f34-2cb9-413a-9e96-da25d6591010","ts":"2023-05-28T12:37:42.409-04:00","eventName":"n8n.node.started","message":"n8n.node.started","payload":{"executionId":"263","nodeName":"IF","workflowId":"2","workflowName":"Extract text from a PDF file","nodeType":"n8n-nodes-base.if"}}
{"__type":"$$EventMessageConfirm","confirm":"63f08f34-2cb9-413a-9e96-da25d6591010","ts":"2023-05-28T12:37:42.409-04:00","source":{"id":"0","name":"eventBus"}}
{"__type":"$$EventMessageNode","id":"8a24f5ac-e03c-42b7-bb7d-5382fb573db0","ts":"2023-05-28T12:37:42.436-04:00","eventName":"n8n.node.finished","message":"n8n.node.finished","payload":{"executionId":"263","nodeName":"IF","workflowId":"2","workflowName":"Extract text from a PDF file","nodeType":"n8n-nodes-base.if"}}
{"__type":"$$EventMessageConfirm","confirm":"8a24f5ac-e03c-42b7-bb7d-5382fb573db0","ts":"2023-05-28T12:37:42.436-04:00","source":{"id":"0","name":"eventBus"}}
{"__type":"$$EventMessageNode","id":"d25d3119-4aa7-465a-85d7-72440044b3db","ts":"2023-05-28T12:37:42.437-04:00","eventName":"n8n.node.started","message":"n8n.node.started","payload":{"executionId":"263","nodeName":"Read Binary Files","workflowId":"2","workflowName":"Extract text from a PDF file","nodeType":"n8n-nodes-base.readBinaryFiles"}}
{"__type":"$$EventMessageConfirm","confirm":"d25d3119-4aa7-465a-85d7-72440044b3db","ts":"2023-05-28T12:37:42.437-04:00","source":{"id":"0","name":"eventBus"}}
{"__type":"$$EventMessageNode","id":"501e144a-00ba-444c-87a9-c4d0cde2ed2b","ts":"2023-05-28T12:37:42.444-04:00","eventName":"n8n.node.finished","message":"n8n.node.finished","payload":{"executionId":"263","nodeName":"Read Binary Files","workflowId":"2","workflowName":"Extract text from a PDF file","nodeType":"n8n-nodes-base.readBinaryFiles"}}
{"__type":"$$EventMessageConfirm","confirm":"501e144a-00ba-444c-87a9-c4d0cde2ed2b","ts":"2023-05-28T12:37:42.444-04:00","source":{"id":"0","name":"eventBus"}}
{"__type":"$$EventMessageNode","id":"7f21664a-61f4-4488-b1bb-58d31de3d707","ts":"2023-05-28T12:37:42.444-04:00","eventName":"n8n.node.started","message":"n8n.node.started","payload":{"executionId":"263","nodeName":"Respond to Webhook2","workflowId":"2","workflowName":"Extract text from a PDF file","nodeType":"n8n-nodes-base.respondToWebhook"}}
{"__type":"$$EventMessageConfirm","confirm":"7f21664a-61f4-4488-b1bb-58d31de3d707","ts":"2023-05-28T12:37:42.445-04:00","source":{"id":"0","name":"eventBus"}}
{"__type":"$$EventMessageNode","id":"5b4d050b-ba64-4ce0-a40e-a2ae505a7764","ts":"2023-05-28T12:37:42.447-04:00","eventName":"n8n.node.finished","message":"n8n.node.finished","payload":{"executionId":"263","nodeName":"Respond to Webhook2","workflowId":"2","workflowName":"Extract text from a PDF file","nodeType":"n8n-nodes-base.respondToWebhook"}}
{"__type":"$$EventMessageConfirm","confirm":"5b4d050b-ba64-4ce0-a40e-a2ae505a7764","ts":"2023-05-28T12:37:42.448-04:00","source":{"id":"0","name":"eventBus"}}
{"__type":"$$EventMessageWorkflow","id":"4c10c359-fc82-44b7-9f21-ea17334d83f5","ts":"2023-05-28T12:37:42.500-04:00","eventName":"n8n.workflow.success","message":"n8n.workflow.success","payload":{"executionId":"263","success":true,"userId":"4eff3942-1490-4ab5-84b2-9320798516d2","workflowId":"2","isManual":true,"workflowName":"Extract text from a PDF file"}}
{"__type":"$$EventMessageConfirm","confirm":"4c10c359-fc82-44b7-9f21-ea17334d83f5","ts":"2023-05-28T12:37:42.507-04:00","source":{"id":"0","name":"eventBus"}}
{"__type":"$$EventMessageWorkflow","id":"d6706296-eec6-4fa0-a954-1a697398f692","ts":"2023-05-28T12:38:27.953-04:00","eventName":"n8n.workflow.started","message":"n8n.workflow.started","payload":{"executionId":"264","userId":"4eff3942-1490-4ab5-84b2-9320798516d2","workflowId":"2","isManual":true,"workflowName":"Extract text from a PDF file"}}
{"__type":"$$EventMessageConfirm","confirm":"d6706296-eec6-4fa0-a954-1a697398f692","ts":"2023-05-28T12:38:27.954-04:00","source":{"id":"0","name":"eventBus"}}
{"__type":"$$EventMessageNode","id":"07b52665-5cc2-479f-ab02-f228f9336774","ts":"2023-05-28T12:38:29.236-04:00","eventName":"n8n.node.started","message":"n8n.node.started","payload":{"executionId":"264","nodeName":"Write Binary File","workflowId":"2","workflowName":"Extract text from a PDF file","nodeType":"n8n-nodes-base.writeBinaryFile"}}
{"__type":"$$EventMessageConfirm","confirm":"07b52665-5cc2-479f-ab02-f228f9336774","ts":"2023-05-28T12:38:29.236-04:00","source":{"id":"0","name":"eventBus"}}
{"__type":"$$EventMessageNode","id":"78c90093-fe80-429c-9342-a0b376ff8396","ts":"2023-05-28T12:38:29.239-04:00","eventName":"n8n.node.finished","message":"n8n.node.finished","payload":{"executionId":"264","nodeName":"Write Binary File","workflowId":"2","workflowName":"Extract text from a PDF file","nodeType":"n8n-nodes-base.writeBinaryFile"}}
{"__type":"$$EventMessageConfirm","confirm":"78c90093-fe80-429c-9342-a0b376ff8396","ts":"2023-05-28T12:38:29.239-04:00","source":{"id":"0","name":"eventBus"}}
{"__type":"$$EventMessageWorkflow","id":"f3b9a8e7-07e0-4d01-b416-bbf30f7b6ba1","ts":"2023-05-28T12:38:29.263-04:00","eventName":"n8n.workflow.success","message":"n8n.workflow.success","payload":{"executionId":"264","success":true,"userId":"4eff3942-1490-4ab5-84b2-9320798516d2","workflowId":"2","isManual":true,"workflowName":"Extract text from a PDF file"}}
{"__type":"$$EventMessageConfirm","confirm":"f3b9a8e7-07e0-4d01-b416-bbf30f7b6ba1","ts":"2023-05-28T12:38:29.263-04:00","source":{"id":"0","name":"eventBus"}}
{"__type":"$$EventMessageAudit","id":"f3627b0a-5937-49d7-be42-3175c0bd0f82","ts":"2023-05-28T12:38:38.087-04:00","eventName":"n8n.audit.workflow.updated","message":"n8n.audit.workflow.updated","payload":{"userId":"4eff3942-1490-4ab5-84b2-9320798516d2","_email":"n8n@n8n.com","_firstName":"n8n","_lastName":"n8n","globalRole":"owner","workflowId":"2","workflowName":"Extract text from a PDF file"}}
{"__type":"$$EventMessageConfirm","confirm":"f3627b0a-5937-49d7-be42-3175c0bd0f82","ts":"2023-05-28T12:38:38.087-04:00","source":{"id":"0","name":"eventBus"}}
{"__type":"$$EventMessageAudit","id":"a927b6e4-aca9-44df-ac5b-53df420190b0","ts":"2023-05-28T12:38:39.994-04:00","eventName":"n8n.audit.workflow.updated","message":"n8n.audit.workflow.updated","payload":{"userId":"4eff3942-1490-4ab5-84b2-9320798516d2","_email":"n8n@n8n.com","_firstName":"n8n","_lastName":"n8n","globalRole":"owner","workflowId":"2","workflowName":"Extract text from a PDF file"}}
{"__type":"$$EventMessageConfirm","confirm":"a927b6e4-aca9-44df-ac5b-53df420190b0","ts":"2023-05-28T12:38:39.994-04:00","source":{"id":"0","name":"eventBus"}}
{"__type":"$$EventMessageWorkflow","id":"d1c3c7e8-a928-4e53-a128-6b2f059d27fa","ts":"2023-05-28T12:38:43.898-04:00","eventName":"n8n.workflow.started","message":"n8n.workflow.started","payload":{"executionId":"265","userId":"4eff3942-1490-4ab5-84b2-9320798516d2","workflowId":"2","isManual":true,"workflowName":"Extract text from a PDF file"}}
{"__type":"$$EventMessageConfirm","confirm":"d1c3c7e8-a928-4e53-a128-6b2f059d27fa","ts":"2023-05-28T12:38:43.898-04:00","source":{"id":"0","name":"eventBus"}}
{"__type":"$$EventMessageNode","id":"2c00b98b-bd42-4e7b-bbbd-cf4539372d72","ts":"2023-05-28T12:38:45.189-04:00","eventName":"n8n.node.started","message":"n8n.node.started","payload":{"executionId":"265","nodeName":"Webhook","workflowId":"2","workflowName":"Extract text from a PDF file","nodeType":"n8n-nodes-base.webhook"}}
{"__type":"$$EventMessageConfirm","confirm":"2c00b98b-bd42-4e7b-bbbd-cf4539372d72","ts":"2023-05-28T12:38:45.189-04:00","source":{"id":"0","name":"eventBus"}}
{"__type":"$$EventMessageNode","id":"1f36c63f-b02e-4e33-9836-7e7fea959e9c","ts":"2023-05-28T12:38:45.191-04:00","eventName":"n8n.node.finished","message":"n8n.node.finished","payload":{"executionId":"265","nodeName":"Webhook","workflowId":"2","workflowName":"Extract text from a PDF file","nodeType":"n8n-nodes-base.webhook"}}
{"__type":"$$EventMessageConfirm","confirm":"1f36c63f-b02e-4e33-9836-7e7fea959e9c","ts":"2023-05-28T12:38:45.192-04:00","source":{"id":"0","name":"eventBus"}}
{"__type":"$$EventMessageNode","id":"520ef194-49fa-48fb-a034-61d8d76fe313","ts":"2023-05-28T12:38:45.194-04:00","eventName":"n8n.node.started","message":"n8n.node.started","payload":{"executionId":"265","nodeName":"IF","workflowId":"2","workflowName":"Extract text from a PDF file","nodeType":"n8n-nodes-base.if"}}
{"__type":"$$EventMessageConfirm","confirm":"520ef194-49fa-48fb-a034-61d8d76fe313","ts":"2023-05-28T12:38:45.194-04:00","source":{"id":"0","name":"eventBus"}}
{"__type":"$$EventMessageNode","id":"e5493435-a7fb-48d3-b3d6-be5225bcba30","ts":"2023-05-28T12:38:45.218-04:00","eventName":"n8n.node.finished","message":"n8n.node.finished","payload":{"executionId":"265","nodeName":"IF","workflowId":"2","workflowName":"Extract text from a PDF file","nodeType":"n8n-nodes-base.if"}}
{"__type":"$$EventMessageConfirm","confirm":"e5493435-a7fb-48d3-b3d6-be5225bcba30","ts":"2023-05-28T12:38:45.219-04:00","source":{"id":"0","name":"eventBus"}}
{"__type":"$$EventMessageNode","id":"db668feb-537c-4765-be74-84d0808d560c","ts":"2023-05-28T12:38:45.221-04:00","eventName":"n8n.node.started","message":"n8n.node.started","payload":{"executionId":"265","nodeName":"Read Binary Files","workflowId":"2","workflowName":"Extract text from a PDF file","nodeType":"n8n-nodes-base.readBinaryFiles"}}
{"__type":"$$EventMessageConfirm","confirm":"db668feb-537c-4765-be74-84d0808d560c","ts":"2023-05-28T12:38:45.221-04:00","source":{"id":"0","name":"eventBus"}}
{"__type":"$$EventMessageNode","id":"483e7e4f-b9da-45a1-9b91-a4c7674c19dd","ts":"2023-05-28T12:38:45.225-04:00","eventName":"n8n.node.finished","message":"n8n.node.finished","payload":{"executionId":"265","nodeName":"Read Binary Files","workflowId":"2","workflowName":"Extract text from a PDF file","nodeType":"n8n-nodes-base.readBinaryFiles"}}
{"__type":"$$EventMessageConfirm","confirm":"483e7e4f-b9da-45a1-9b91-a4c7674c19dd","ts":"2023-05-28T12:38:45.225-04:00","source":{"id":"0","name":"eventBus"}}
{"__type":"$$EventMessageNode","id":"f9181e15-0c3d-4e58-aa09-641bf2ff56ea","ts":"2023-05-28T12:38:45.226-04:00","eventName":"n8n.node.started","message":"n8n.node.started","payload":{"executionId":"265","nodeName":"Write Binary File","workflowId":"2","workflowName":"Extract text from a PDF file","nodeType":"n8n-nodes-base.writeBinaryFile"}}
{"__type":"$$EventMessageConfirm","confirm":"f9181e15-0c3d-4e58-aa09-641bf2ff56ea","ts":"2023-05-28T12:38:45.226-04:00","source":{"id":"0","name":"eventBus"}}
{"__type":"$$EventMessageNode","id":"ef743d8a-1d3f-4723-a8ba-29a49bbf7c2b","ts":"2023-05-28T12:38:45.227-04:00","eventName":"n8n.node.finished","message":"n8n.node.finished","payload":{"executionId":"265","nodeName":"Write Binary File","workflowId":"2","workflowName":"Extract text from a PDF file","nodeType":"n8n-nodes-base.writeBinaryFile"}}
{"__type":"$$EventMessageConfirm","confirm":"ef743d8a-1d3f-4723-a8ba-29a49bbf7c2b","ts":"2023-05-28T12:38:45.227-04:00","source":{"id":"0","name":"eventBus"}}
{"__type":"$$EventMessageNode","id":"05157d62-c3b7-40da-811e-5623fa0761cf","ts":"2023-05-28T12:38:45.227-04:00","eventName":"n8n.node.started","message":"n8n.node.started","payload":{"executionId":"265","nodeName":"Respond to Webhook2","workflowId":"2","workflowName":"Extract text from a PDF file","nodeType":"n8n-nodes-base.respondToWebhook"}}
{"__type":"$$EventMessageConfirm","confirm":"05157d62-c3b7-40da-811e-5623fa0761cf","ts":"2023-05-28T12:38:45.227-04:00","source":{"id":"0","name":"eventBus"}}
{"__type":"$$EventMessageNode","id":"5f5cb3a8-eebb-491b-8752-48ddd6d17e54","ts":"2023-05-28T12:38:45.229-04:00","eventName":"n8n.node.finished","message":"n8n.node.finished","payload":{"executionId":"265","nodeName":"Respond to Webhook2","workflowId":"2","workflowName":"Extract text from a PDF file","nodeType":"n8n-nodes-base.respondToWebhook"}}
{"__type":"$$EventMessageConfirm","confirm":"5f5cb3a8-eebb-491b-8752-48ddd6d17e54","ts":"2023-05-28T12:38:45.230-04:00","source":{"id":"0","name":"eventBus"}}
{"__type":"$$EventMessageWorkflow","id":"75bd7b48-4438-4926-b393-13697034c782","ts":"2023-05-28T12:38:45.260-04:00","eventName":"n8n.workflow.success","message":"n8n.workflow.success","payload":{"executionId":"265","success":true,"userId":"4eff3942-1490-4ab5-84b2-9320798516d2","workflowId":"2","isManual":true,"workflowName":"Extract text from a PDF file"}}
{"__type":"$$EventMessageConfirm","confirm":"75bd7b48-4438-4926-b393-13697034c782","ts":"2023-05-28T12:38:45.260-04:00","source":{"id":"0","name":"eventBus"}}
{"__type":"$$EventMessageWorkflow","id":"db6c8808-989f-4520-b520-cab29de2458d","ts":"2023-05-28T13:25:50.697-04:00","eventName":"n8n.workflow.started","message":"n8n.workflow.started","payload":{"executionId":"266","userId":"4eff3942-1490-4ab5-84b2-9320798516d2","workflowId":"2","isManual":true,"workflowName":"Extract text from a PDF file"}}
{"__type":"$$EventMessageConfirm","confirm":"db6c8808-989f-4520-b520-cab29de2458d","ts":"2023-05-28T13:25:50.697-04:00","source":{"id":"0","name":"eventBus"}}
{"__type":"$$EventMessageNode","id":"d046ee33-2d45-4566-b655-6e6af136809a","ts":"2023-05-28T13:25:51.907-04:00","eventName":"n8n.node.started","message":"n8n.node.started","payload":{"executionId":"266","nodeName":"Webhook","workflowId":"2","workflowName":"Extract text from a PDF file","nodeType":"n8n-nodes-base.webhook"}}
{"__type":"$$EventMessageConfirm","confirm":"d046ee33-2d45-4566-b655-6e6af136809a","ts":"2023-05-28T13:25:51.907-04:00","source":{"id":"0","name":"eventBus"}}
{"__type":"$$EventMessageNode","id":"4aef40a8-e8b3-43e9-bbce-19b4dea635bf","ts":"2023-05-28T13:25:51.909-04:00","eventName":"n8n.node.finished","message":"n8n.node.finished","payload":{"executionId":"266","nodeName":"Webhook","workflowId":"2","workflowName":"Extract text from a PDF file","nodeType":"n8n-nodes-base.webhook"}}
{"__type":"$$EventMessageConfirm","confirm":"4aef40a8-e8b3-43e9-bbce-19b4dea635bf","ts":"2023-05-28T13:25:51.909-04:00","source":{"id":"0","name":"eventBus"}}
{"__type":"$$EventMessageNode","id":"12e11c5b-d67b-4cc9-a804-8d1aeb3f066a","ts":"2023-05-28T13:25:51.912-04:00","eventName":"n8n.node.started","message":"n8n.node.started","payload":{"executionId":"266","nodeName":"IF","workflowId":"2","workflowName":"Extract text from a PDF file","nodeType":"n8n-nodes-base.if"}}
{"__type":"$$EventMessageConfirm","confirm":"12e11c5b-d67b-4cc9-a804-8d1aeb3f066a","ts":"2023-05-28T13:25:51.913-04:00","source":{"id":"0","name":"eventBus"}}
{"__type":"$$EventMessageNode","id":"7e2012ac-b876-4a85-a9e8-4a8228507fcc","ts":"2023-05-28T13:25:51.937-04:00","eventName":"n8n.node.finished","message":"n8n.node.finished","payload":{"executionId":"266","nodeName":"IF","workflowId":"2","workflowName":"Extract text from a PDF file","nodeType":"n8n-nodes-base.if"}}
{"__type":"$$EventMessageConfirm","confirm":"7e2012ac-b876-4a85-a9e8-4a8228507fcc","ts":"2023-05-28T13:25:51.937-04:00","source":{"id":"0","name":"eventBus"}}
{"__type":"$$EventMessageNode","id":"832937fa-d408-42c6-803e-031023de1539","ts":"2023-05-28T13:25:51.940-04:00","eventName":"n8n.node.started","message":"n8n.node.started","payload":{"executionId":"266","nodeName":"Read Binary Files","workflowId":"2","workflowName":"Extract text from a PDF file","nodeType":"n8n-nodes-base.readBinaryFiles"}}
{"__type":"$$EventMessageConfirm","confirm":"832937fa-d408-42c6-803e-031023de1539","ts":"2023-05-28T13:25:51.940-04:00","source":{"id":"0","name":"eventBus"}}
{"__type":"$$EventMessageNode","id":"432ef230-d06e-4b46-bd8d-d2ea26a2ec1d","ts":"2023-05-28T13:25:51.944-04:00","eventName":"n8n.node.finished","message":"n8n.node.finished","payload":{"executionId":"266","nodeName":"Read Binary Files","workflowId":"2","workflowName":"Extract text from a PDF file","nodeType":"n8n-nodes-base.readBinaryFiles"}}
{"__type":"$$EventMessageConfirm","confirm":"432ef230-d06e-4b46-bd8d-d2ea26a2ec1d","ts":"2023-05-28T13:25:51.944-04:00","source":{"id":"0","name":"eventBus"}}
{"__type":"$$EventMessageNode","id":"cef1fc75-68c0-4451-838b-7cdc41abde1e","ts":"2023-05-28T13:25:51.945-04:00","eventName":"n8n.node.started","message":"n8n.node.started","payload":{"executionId":"266","nodeName":"Write Binary File","workflowId":"2","workflowName":"Extract text from a PDF file","nodeType":"n8n-nodes-base.writeBinaryFile"}}
{"__type":"$$EventMessageConfirm","confirm":"cef1fc75-68c0-4451-838b-7cdc41abde1e","ts":"2023-05-28T13:25:51.945-04:00","source":{"id":"0","name":"eventBus"}}
{"__type":"$$EventMessageNode","id":"166fdf2a-88da-471c-931b-229e05a013f2","ts":"2023-05-28T13:25:51.946-04:00","eventName":"n8n.node.finished","message":"n8n.node.finished","payload":{"executionId":"266","nodeName":"Write Binary File","workflowId":"2","workflowName":"Extract text from a PDF file","nodeType":"n8n-nodes-base.writeBinaryFile"}}
{"__type":"$$EventMessageConfirm","confirm":"166fdf2a-88da-471c-931b-229e05a013f2","ts":"2023-05-28T13:25:51.946-04:00","source":{"id":"0","name":"eventBus"}}
{"__type":"$$EventMessageNode","id":"dc52f32c-b362-4472-8dc8-8070f967462a","ts":"2023-05-28T13:25:51.946-04:00","eventName":"n8n.node.started","message":"n8n.node.started","payload":{"executionId":"266","nodeName":"Respond to Webhook2","workflowId":"2","workflowName":"Extract text from a PDF file","nodeType":"n8n-nodes-base.respondToWebhook"}}
{"__type":"$$EventMessageConfirm","confirm":"dc52f32c-b362-4472-8dc8-8070f967462a","ts":"2023-05-28T13:25:51.946-04:00","source":{"id":"0","name":"eventBus"}}
{"__type":"$$EventMessageNode","id":"a7da53b2-ab4c-4b7e-92eb-2d3b62f57ff0","ts":"2023-05-28T13:25:51.948-04:00","eventName":"n8n.node.finished","message":"n8n.node.finished","payload":{"executionId":"266","nodeName":"Respond to Webhook2","workflowId":"2","workflowName":"Extract text from a PDF file","nodeType":"n8n-nodes-base.respondToWebhook"}}
{"__type":"$$EventMessageConfirm","confirm":"a7da53b2-ab4c-4b7e-92eb-2d3b62f57ff0","ts":"2023-05-28T13:25:51.948-04:00","source":{"id":"0","name":"eventBus"}}
{"__type":"$$EventMessageWorkflow","id":"3a035f30-9c5d-40d9-a0ab-f80eeb35b6de","ts":"2023-05-28T13:25:51.971-04:00","eventName":"n8n.workflow.success","message":"n8n.workflow.success","payload":{"executionId":"266","success":true,"userId":"4eff3942-1490-4ab5-84b2-9320798516d2","workflowId":"2","isManual":true,"workflowName":"Extract text from a PDF file"}}
{"__type":"$$EventMessageConfirm","confirm":"3a035f30-9c5d-40d9-a0ab-f80eeb35b6de","ts":"2023-05-28T13:25:51.971-04:00","source":{"id":"0","name":"eventBus"}}
{"__type":"$$EventMessageAudit","id":"76066cd0-0520-4845-897b-5026d11b1ffc","ts":"2023-05-28T13:31:43.644-04:00","eventName":"n8n.audit.workflow.updated","message":"n8n.audit.workflow.updated","payload":{"userId":"4eff3942-1490-4ab5-84b2-9320798516d2","_email":"n8n@n8n.com","_firstName":"n8n","_lastName":"n8n","globalRole":"owner","workflowId":"2","workflowName":"Extract text from a PDF file"}}
{"__type":"$$EventMessageConfirm","confirm":"76066cd0-0520-4845-897b-5026d11b1ffc","ts":"2023-05-28T13:31:43.644-04:00","source":{"id":"0","name":"eventBus"}}
{"__type":"$$EventMessageAudit","id":"60d4ce85-1c18-4ffb-8017-73c118f0f9d5","ts":"2023-05-28T13:31:46.567-04:00","eventName":"n8n.audit.workflow.updated","message":"n8n.audit.workflow.updated","payload":{"userId":"4eff3942-1490-4ab5-84b2-9320798516d2","_email":"n8n@n8n.com","_firstName":"n8n","_lastName":"n8n","globalRole":"owner","workflowId":"2","workflowName":"Extract text from a PDF file"}}
{"__type":"$$EventMessageConfirm","confirm":"60d4ce85-1c18-4ffb-8017-73c118f0f9d5","ts":"2023-05-28T13:31:46.568-04:00","source":{"id":"0","name":"eventBus"}}
{"__type":"$$EventMessageWorkflow","id":"f1e21ff0-644c-40a6-83c9-2e336be90cff","ts":"2023-05-28T13:31:52.822-04:00","eventName":"n8n.workflow.started","message":"n8n.workflow.started","payload":{"executionId":"267","userId":"4eff3942-1490-4ab5-84b2-9320798516d2","workflowId":"2","isManual":true,"workflowName":"Extract text from a PDF file"}}
{"__type":"$$EventMessageConfirm","confirm":"f1e21ff0-644c-40a6-83c9-2e336be90cff","ts":"2023-05-28T13:31:52.822-04:00","source":{"id":"0","name":"eventBus"}}
{"__type":"$$EventMessageNode","id":"3e7dbe02-9f52-4c82-9653-ddf2892363b1","ts":"2023-05-28T13:31:54.109-04:00","eventName":"n8n.node.started","message":"n8n.node.started","payload":{"executionId":"267","nodeName":"Webhook","workflowId":"2","workflowName":"Extract text from a PDF file","nodeType":"n8n-nodes-base.webhook"}}
{"__type":"$$EventMessageConfirm","confirm":"3e7dbe02-9f52-4c82-9653-ddf2892363b1","ts":"2023-05-28T13:31:54.109-04:00","source":{"id":"0","name":"eventBus"}}
{"__type":"$$EventMessageNode","id":"16df8790-9825-4e1a-87d5-2afbfde420b7","ts":"2023-05-28T13:31:54.112-04:00","eventName":"n8n.node.finished","message":"n8n.node.finished","payload":{"executionId":"267","nodeName":"Webhook","workflowId":"2","workflowName":"Extract text from a PDF file","nodeType":"n8n-nodes-base.webhook"}}
{"__type":"$$EventMessageConfirm","confirm":"16df8790-9825-4e1a-87d5-2afbfde420b7","ts":"2023-05-28T13:31:54.112-04:00","source":{"id":"0","name":"eventBus"}}
{"__type":"$$EventMessageNode","id":"616ebe20-0ce6-4ce2-9a2e-013dd725facf","ts":"2023-05-28T13:31:54.114-04:00","eventName":"n8n.node.started","message":"n8n.node.started","payload":{"executionId":"267","nodeName":"IF","workflowId":"2","workflowName":"Extract text from a PDF file","nodeType":"n8n-nodes-base.if"}}
{"__type":"$$EventMessageConfirm","confirm":"616ebe20-0ce6-4ce2-9a2e-013dd725facf","ts":"2023-05-28T13:31:54.114-04:00","source":{"id":"0","name":"eventBus"}}
{"__type":"$$EventMessageNode","id":"219e7c3d-87af-4f4d-a05e-2d07549c96c1","ts":"2023-05-28T13:31:54.139-04:00","eventName":"n8n.node.finished","message":"n8n.node.finished","payload":{"executionId":"267","nodeName":"IF","workflowId":"2","workflowName":"Extract text from a PDF file","nodeType":"n8n-nodes-base.if"}}
{"__type":"$$EventMessageConfirm","confirm":"219e7c3d-87af-4f4d-a05e-2d07549c96c1","ts":"2023-05-28T13:31:54.139-04:00","source":{"id":"0","name":"eventBus"}}
{"__type":"$$EventMessageNode","id":"153317ac-402e-4cb6-8f70-84c5533a2f05","ts":"2023-05-28T13:31:54.141-04:00","eventName":"n8n.node.started","message":"n8n.node.started","payload":{"executionId":"267","nodeName":"Write Binary File","workflowId":"2","workflowName":"Extract text from a PDF file","nodeType":"n8n-nodes-base.writeBinaryFile"}}
{"__type":"$$EventMessageConfirm","confirm":"153317ac-402e-4cb6-8f70-84c5533a2f05","ts":"2023-05-28T13:31:54.141-04:00","source":{"id":"0","name":"eventBus"}}
{"__type":"$$EventMessageNode","id":"90f37d9d-3061-43b2-a6eb-c059321e1112","ts":"2023-05-28T13:31:54.143-04:00","eventName":"n8n.node.finished","message":"n8n.node.finished","payload":{"executionId":"267","nodeName":"Write Binary File","workflowId":"2","workflowName":"Extract text from a PDF file","nodeType":"n8n-nodes-base.writeBinaryFile"}}
{"__type":"$$EventMessageConfirm","confirm":"90f37d9d-3061-43b2-a6eb-c059321e1112","ts":"2023-05-28T13:31:54.144-04:00","source":{"id":"0","name":"eventBus"}}
{"__type":"$$EventMessageNode","id":"2d658f45-e93b-4db7-b89e-0a538a593f5c","ts":"2023-05-28T13:31:54.146-04:00","eventName":"n8n.node.started","message":"n8n.node.started","payload":{"executionId":"267","nodeName":"Respond to Webhook2","workflowId":"2","workflowName":"Extract text from a PDF file","nodeType":"n8n-nodes-base.respondToWebhook"}}
{"__type":"$$EventMessageConfirm","confirm":"2d658f45-e93b-4db7-b89e-0a538a593f5c","ts":"2023-05-28T13:31:54.146-04:00","source":{"id":"0","name":"eventBus"}}
{"__type":"$$EventMessageNode","id":"62349a47-2315-4452-9df0-0cee244ea51c","ts":"2023-05-28T13:31:54.148-04:00","eventName":"n8n.node.finished","message":"n8n.node.finished","payload":{"executionId":"267","nodeName":"Respond to Webhook2","workflowId":"2","workflowName":"Extract text from a PDF file","nodeType":"n8n-nodes-base.respondToWebhook"}}
{"__type":"$$EventMessageConfirm","confirm":"62349a47-2315-4452-9df0-0cee244ea51c","ts":"2023-05-28T13:31:54.148-04:00","source":{"id":"0","name":"eventBus"}}
{"__type":"$$EventMessageWorkflow","id":"acf92d6e-0c6b-41f1-888c-feab2e0c0557","ts":"2023-05-28T13:31:54.185-04:00","eventName":"n8n.workflow.success","message":"n8n.workflow.success","payload":{"executionId":"267","success":true,"userId":"4eff3942-1490-4ab5-84b2-9320798516d2","workflowId":"2","isManual":true,"workflowName":"Extract text from a PDF file"}}
{"__type":"$$EventMessageConfirm","confirm":"acf92d6e-0c6b-41f1-888c-feab2e0c0557","ts":"2023-05-28T13:31:54.185-04:00","source":{"id":"0","name":"eventBus"}}
{"__type":"$$EventMessageWorkflow","id":"a88a1784-448d-48db-9e47-be41777faffc","ts":"2023-05-28T13:32:34.160-04:00","eventName":"n8n.workflow.started","message":"n8n.workflow.started","payload":{"executionId":"268","userId":"4eff3942-1490-4ab5-84b2-9320798516d2","workflowId":"2","isManual":true,"workflowName":"Extract text from a PDF file"}}
{"__type":"$$EventMessageConfirm","confirm":"a88a1784-448d-48db-9e47-be41777faffc","ts":"2023-05-28T13:32:34.160-04:00","source":{"id":"0","name":"eventBus"}}
{"__type":"$$EventMessageNode","id":"9d16dbae-8bef-48e6-aebf-b093dd8ce685","ts":"2023-05-28T13:32:35.436-04:00","eventName":"n8n.node.started","message":"n8n.node.started","payload":{"executionId":"268","nodeName":"Webhook","workflowId":"2","workflowName":"Extract text from a PDF file","nodeType":"n8n-nodes-base.webhook"}}
{"__type":"$$EventMessageConfirm","confirm":"9d16dbae-8bef-48e6-aebf-b093dd8ce685","ts":"2023-05-28T13:32:35.437-04:00","source":{"id":"0","name":"eventBus"}}
{"__type":"$$EventMessageNode","id":"f28cfa93-d69d-4c55-bb24-b4a3cede4a99","ts":"2023-05-28T13:32:35.437-04:00","eventName":"n8n.node.finished","message":"n8n.node.finished","payload":{"executionId":"268","nodeName":"Webhook","workflowId":"2","workflowName":"Extract text from a PDF file","nodeType":"n8n-nodes-base.webhook"}}
{"__type":"$$EventMessageConfirm","confirm":"f28cfa93-d69d-4c55-bb24-b4a3cede4a99","ts":"2023-05-28T13:32:35.437-04:00","source":{"id":"0","name":"eventBus"}}
{"__type":"$$EventMessageNode","id":"93aeb35c-c832-4337-84f3-9d5bdc2a4cd6","ts":"2023-05-28T13:32:35.438-04:00","eventName":"n8n.node.started","message":"n8n.node.started","payload":{"executionId":"268","nodeName":"IF","workflowId":"2","workflowName":"Extract text from a PDF file","nodeType":"n8n-nodes-base.if"}}
{"__type":"$$EventMessageConfirm","confirm":"93aeb35c-c832-4337-84f3-9d5bdc2a4cd6","ts":"2023-05-28T13:32:35.438-04:00","source":{"id":"0","name":"eventBus"}}
{"__type":"$$EventMessageNode","id":"f12bf8a5-04f3-4e06-8ee5-55f6a31188ea","ts":"2023-05-28T13:32:35.471-04:00","eventName":"n8n.node.finished","message":"n8n.node.finished","payload":{"executionId":"268","nodeName":"IF","workflowId":"2","workflowName":"Extract text from a PDF file","nodeType":"n8n-nodes-base.if"}}
{"__type":"$$EventMessageConfirm","confirm":"f12bf8a5-04f3-4e06-8ee5-55f6a31188ea","ts":"2023-05-28T13:32:35.471-04:00","source":{"id":"0","name":"eventBus"}}
{"__type":"$$EventMessageNode","id":"13b6dc59-27a0-420f-8f59-b0487287dd64","ts":"2023-05-28T13:32:35.472-04:00","eventName":"n8n.node.started","message":"n8n.node.started","payload":{"executionId":"268","nodeName":"Write Binary File","workflowId":"2","workflowName":"Extract text from a PDF file","nodeType":"n8n-nodes-base.writeBinaryFile"}}
{"__type":"$$EventMessageConfirm","confirm":"13b6dc59-27a0-420f-8f59-b0487287dd64","ts":"2023-05-28T13:32:35.472-04:00","source":{"id":"0","name":"eventBus"}}
{"__type":"$$EventMessageNode","id":"80fcb277-c649-4475-9dd5-a15a0b4f1986","ts":"2023-05-28T13:32:35.486-04:00","eventName":"n8n.node.finished","message":"n8n.node.finished","payload":{"executionId":"268","nodeName":"Write Binary File","workflowId":"2","workflowName":"Extract text from a PDF file","nodeType":"n8n-nodes-base.writeBinaryFile"}}
{"__type":"$$EventMessageConfirm","confirm":"80fcb277-c649-4475-9dd5-a15a0b4f1986","ts":"2023-05-28T13:32:35.486-04:00","source":{"id":"0","name":"eventBus"}}
{"__type":"$$EventMessageNode","id":"1a66cdc8-0e18-4d2a-8180-6f53706e3e53","ts":"2023-05-28T13:32:35.487-04:00","eventName":"n8n.node.started","message":"n8n.node.started","payload":{"executionId":"268","nodeName":"Respond to Webhook2","workflowId":"2","workflowName":"Extract text from a PDF file","nodeType":"n8n-nodes-base.respondToWebhook"}}
{"__type":"$$EventMessageConfirm","confirm":"1a66cdc8-0e18-4d2a-8180-6f53706e3e53","ts":"2023-05-28T13:32:35.487-04:00","source":{"id":"0","name":"eventBus"}}
{"__type":"$$EventMessageNode","id":"f3a43b0b-d4dd-432a-be1a-bfe5b7c5bbe9","ts":"2023-05-28T13:32:35.490-04:00","eventName":"n8n.node.finished","message":"n8n.node.finished","payload":{"executionId":"268","nodeName":"Respond to Webhook2","workflowId":"2","workflowName":"Extract text from a PDF file","nodeType":"n8n-nodes-base.respondToWebhook"}}
{"__type":"$$EventMessageConfirm","confirm":"f3a43b0b-d4dd-432a-be1a-bfe5b7c5bbe9","ts":"2023-05-28T13:32:35.490-04:00","source":{"id":"0","name":"eventBus"}}
{"__type":"$$EventMessageWorkflow","id":"c617ded3-a89b-4a56-b719-2f4ab24b27d3","ts":"2023-05-28T13:32:35.520-04:00","eventName":"n8n.workflow.success","message":"n8n.workflow.success","payload":{"executionId":"268","success":true,"userId":"4eff3942-1490-4ab5-84b2-9320798516d2","workflowId":"2","isManual":true,"workflowName":"Extract text from a PDF file"}}
{"__type":"$$EventMessageConfirm","confirm":"c617ded3-a89b-4a56-b719-2f4ab24b27d3","ts":"2023-05-28T13:32:35.521-04:00","source":{"id":"0","name":"eventBus"}}
{"__type":"$$EventMessageAudit","id":"b98da092-c616-4411-bcc9-2db4f36cf3b1","ts":"2023-05-28T13:33:08.141-04:00","eventName":"n8n.audit.workflow.updated","message":"n8n.audit.workflow.updated","payload":{"userId":"4eff3942-1490-4ab5-84b2-9320798516d2","_email":"n8n@n8n.com","_firstName":"n8n","_lastName":"n8n","globalRole":"owner","workflowId":"2","workflowName":"Extract text from a PDF file"}}
{"__type":"$$EventMessageConfirm","confirm":"b98da092-c616-4411-bcc9-2db4f36cf3b1","ts":"2023-05-28T13:33:08.142-04:00","source":{"id":"0","name":"eventBus"}}
{"__type":"$$EventMessageAudit","id":"b3d42c82-7ccd-41cf-8b9c-41a152e91d55","ts":"2023-05-28T13:33:09.764-04:00","eventName":"n8n.audit.workflow.updated","message":"n8n.audit.workflow.updated","payload":{"userId":"4eff3942-1490-4ab5-84b2-9320798516d2","_email":"n8n@n8n.com","_firstName":"n8n","_lastName":"n8n","globalRole":"owner","workflowId":"2","workflowName":"Extract text from a PDF file"}}
{"__type":"$$EventMessageConfirm","confirm":"b3d42c82-7ccd-41cf-8b9c-41a152e91d55","ts":"2023-05-28T13:33:09.764-04:00","source":{"id":"0","name":"eventBus"}}
{"__type":"$$EventMessageWorkflow","id":"d158c085-c1e8-4314-b176-24bdc8c616c3","ts":"2023-05-28T13:33:12.142-04:00","eventName":"n8n.workflow.started","message":"n8n.workflow.started","payload":{"executionId":"269","userId":"4eff3942-1490-4ab5-84b2-9320798516d2","workflowId":"2","isManual":true,"workflowName":"Extract text from a PDF file"}}
{"__type":"$$EventMessageConfirm","confirm":"d158c085-c1e8-4314-b176-24bdc8c616c3","ts":"2023-05-28T13:33:12.142-04:00","source":{"id":"0","name":"eventBus"}}
{"__type":"$$EventMessageNode","id":"fc95d253-aa82-4329-9667-5e2f19268380","ts":"2023-05-28T13:33:13.425-04:00","eventName":"n8n.node.started","message":"n8n.node.started","payload":{"executionId":"269","nodeName":"Webhook","workflowId":"2","workflowName":"Extract text from a PDF file","nodeType":"n8n-nodes-base.webhook"}}
{"__type":"$$EventMessageConfirm","confirm":"fc95d253-aa82-4329-9667-5e2f19268380","ts":"2023-05-28T13:33:13.425-04:00","source":{"id":"0","name":"eventBus"}}
{"__type":"$$EventMessageNode","id":"603b26fc-1779-40bb-a1bc-6ed8db7c41c6","ts":"2023-05-28T13:33:13.426-04:00","eventName":"n8n.node.finished","message":"n8n.node.finished","payload":{"executionId":"269","nodeName":"Webhook","workflowId":"2","workflowName":"Extract text from a PDF file","nodeType":"n8n-nodes-base.webhook"}}
{"__type":"$$EventMessageConfirm","confirm":"603b26fc-1779-40bb-a1bc-6ed8db7c41c6","ts":"2023-05-28T13:33:13.426-04:00","source":{"id":"0","name":"eventBus"}}
{"__type":"$$EventMessageNode","id":"22efdbf9-4218-424b-8351-1d29b0621858","ts":"2023-05-28T13:33:13.426-04:00","eventName":"n8n.node.started","message":"n8n.node.started","payload":{"executionId":"269","nodeName":"IF","workflowId":"2","workflowName":"Extract text from a PDF file","nodeType":"n8n-nodes-base.if"}}
{"__type":"$$EventMessageConfirm","confirm":"22efdbf9-4218-424b-8351-1d29b0621858","ts":"2023-05-28T13:33:13.426-04:00","source":{"id":"0","name":"eventBus"}}
{"__type":"$$EventMessageNode","id":"50ac9525-2bd4-4917-8f69-32234476a945","ts":"2023-05-28T13:33:13.453-04:00","eventName":"n8n.node.finished","message":"n8n.node.finished","payload":{"executionId":"269","nodeName":"IF","workflowId":"2","workflowName":"Extract text from a PDF file","nodeType":"n8n-nodes-base.if"}}
{"__type":"$$EventMessageConfirm","confirm":"50ac9525-2bd4-4917-8f69-32234476a945","ts":"2023-05-28T13:33:13.453-04:00","source":{"id":"0","name":"eventBus"}}
{"__type":"$$EventMessageNode","id":"a86754ad-58e3-40e1-8559-e40b4f675825","ts":"2023-05-28T13:33:13.454-04:00","eventName":"n8n.node.started","message":"n8n.node.started","payload":{"executionId":"269","nodeName":"Write Binary File","workflowId":"2","workflowName":"Extract text from a PDF file","nodeType":"n8n-nodes-base.writeBinaryFile"}}
{"__type":"$$EventMessageConfirm","confirm":"a86754ad-58e3-40e1-8559-e40b4f675825","ts":"2023-05-28T13:33:13.454-04:00","source":{"id":"0","name":"eventBus"}}
{"__type":"$$EventMessageNode","id":"a3239db4-d023-4562-991c-c6fb37351796","ts":"2023-05-28T13:33:13.457-04:00","eventName":"n8n.node.finished","message":"n8n.node.finished","payload":{"executionId":"269","nodeName":"Write Binary File","workflowId":"2","workflowName":"Extract text from a PDF file","nodeType":"n8n-nodes-base.writeBinaryFile"}}
{"__type":"$$EventMessageConfirm","confirm":"a3239db4-d023-4562-991c-c6fb37351796","ts":"2023-05-28T13:33:13.457-04:00","source":{"id":"0","name":"eventBus"}}
{"__type":"$$EventMessageNode","id":"d6cdc006-4f65-47a2-bc9b-2420dea4d118","ts":"2023-05-28T13:33:13.458-04:00","eventName":"n8n.node.started","message":"n8n.node.started","payload":{"executionId":"269","nodeName":"Respond to Webhook2","workflowId":"2","workflowName":"Extract text from a PDF file","nodeType":"n8n-nodes-base.respondToWebhook"}}
{"__type":"$$EventMessageConfirm","confirm":"d6cdc006-4f65-47a2-bc9b-2420dea4d118","ts":"2023-05-28T13:33:13.458-04:00","source":{"id":"0","name":"eventBus"}}
{"__type":"$$EventMessageNode","id":"4a7b6fbd-2356-4804-8594-508089206da0","ts":"2023-05-28T13:33:13.460-04:00","eventName":"n8n.node.finished","message":"n8n.node.finished","payload":{"executionId":"269","nodeName":"Respond to Webhook2","workflowId":"2","workflowName":"Extract text from a PDF file","nodeType":"n8n-nodes-base.respondToWebhook"}}
{"__type":"$$EventMessageConfirm","confirm":"4a7b6fbd-2356-4804-8594-508089206da0","ts":"2023-05-28T13:33:13.460-04:00","source":{"id":"0","name":"eventBus"}}
{"__type":"$$EventMessageWorkflow","id":"08fd4c34-2125-4bc3-92dc-09b073722e4e","ts":"2023-05-28T13:33:13.474-04:00","eventName":"n8n.workflow.success","message":"n8n.workflow.success","payload":{"executionId":"269","success":true,"userId":"4eff3942-1490-4ab5-84b2-9320798516d2","workflowId":"2","isManual":true,"workflowName":"Extract text from a PDF file"}}
{"__type":"$$EventMessageConfirm","confirm":"08fd4c34-2125-4bc3-92dc-09b073722e4e","ts":"2023-05-28T13:33:13.474-04:00","source":{"id":"0","name":"eventBus"}}
