{"__type":"$$EventMessageAudit","id":"3118ff68-9dad-4a8f-89b5-290afd7335cf","ts":"2023-05-28T13:36:06.462-04:00","eventName":"n8n.audit.workflow.updated","message":"n8n.audit.workflow.updated","payload":{"userId":"4eff3942-1490-4ab5-84b2-9320798516d2","_email":"n8n@n8n.com","_firstName":"n8n","_lastName":"n8n","globalRole":"owner","workflowId":"2","workflowName":"Extract text from a PDF file"}}
{"__type":"$$EventMessageConfirm","confirm":"3118ff68-9dad-4a8f-89b5-290afd7335cf","ts":"2023-05-28T13:36:06.462-04:00","source":{"id":"0","name":"eventBus"}}
{"__type":"$$EventMessageWorkflow","id":"761e70c9-7fa3-4a63-8554-de643fcb7e21","ts":"2023-05-28T13:36:10.204-04:00","eventName":"n8n.workflow.started","message":"n8n.workflow.started","payload":{"executionId":"270","userId":"4eff3942-1490-4ab5-84b2-9320798516d2","workflowId":"2","isManual":true,"workflowName":"Extract text from a PDF file"}}
{"__type":"$$EventMessageConfirm","confirm":"761e70c9-7fa3-4a63-8554-de643fcb7e21","ts":"2023-05-28T13:36:10.205-04:00","source":{"id":"0","name":"eventBus"}}
{"__type":"$$EventMessageNode","id":"510fca1a-1a9e-4f94-a64c-59be424d560b","ts":"2023-05-28T13:36:11.480-04:00","eventName":"n8n.node.started","message":"n8n.node.started","payload":{"executionId":"270","nodeName":"Webhook","workflowId":"2","workflowName":"Extract text from a PDF file","nodeType":"n8n-nodes-base.webhook"}}
{"__type":"$$EventMessageConfirm","confirm":"510fca1a-1a9e-4f94-a64c-59be424d560b","ts":"2023-05-28T13:36:11.480-04:00","source":{"id":"0","name":"eventBus"}}
{"__type":"$$EventMessageNode","id":"52cadfa0-8d77-4e80-a8d8-e1ed62d74891","ts":"2023-05-28T13:36:11.481-04:00","eventName":"n8n.node.finished","message":"n8n.node.finished","payload":{"executionId":"270","nodeName":"Webhook","workflowId":"2","workflowName":"Extract text from a PDF file","nodeType":"n8n-nodes-base.webhook"}}
{"__type":"$$EventMessageConfirm","confirm":"52cadfa0-8d77-4e80-a8d8-e1ed62d74891","ts":"2023-05-28T13:36:11.482-04:00","source":{"id":"0","name":"eventBus"}}
{"__type":"$$EventMessageNode","id":"580b21c4-3a9e-4206-bc14-c0e7927e7412","ts":"2023-05-28T13:36:11.482-04:00","eventName":"n8n.node.started","message":"n8n.node.started","payload":{"executionId":"270","nodeName":"IF","workflowId":"2","workflowName":"Extract text from a PDF file","nodeType":"n8n-nodes-base.if"}}
{"__type":"$$EventMessageConfirm","confirm":"580b21c4-3a9e-4206-bc14-c0e7927e7412","ts":"2023-05-28T13:36:11.482-04:00","source":{"id":"0","name":"eventBus"}}
{"__type":"$$EventMessageNode","id":"e47a6d38-efb1-4517-9032-14264f2c0410","ts":"2023-05-28T13:36:11.509-04:00","eventName":"n8n.node.finished","message":"n8n.node.finished","payload":{"executionId":"270","nodeName":"IF","workflowId":"2","workflowName":"Extract text from a PDF file","nodeType":"n8n-nodes-base.if"}}
{"__type":"$$EventMessageConfirm","confirm":"e47a6d38-efb1-4517-9032-14264f2c0410","ts":"2023-05-28T13:36:11.509-04:00","source":{"id":"0","name":"eventBus"}}
{"__type":"$$EventMessageNode","id":"8c7162be-c3da-4116-895b-cd9a5a08d0e6","ts":"2023-05-28T13:36:11.510-04:00","eventName":"n8n.node.started","message":"n8n.node.started","payload":{"executionId":"270","nodeName":"Write Binary File","workflowId":"2","workflowName":"Extract text from a PDF file","nodeType":"n8n-nodes-base.writeBinaryFile"}}
{"__type":"$$EventMessageConfirm","confirm":"8c7162be-c3da-4116-895b-cd9a5a08d0e6","ts":"2023-05-28T13:36:11.510-04:00","source":{"id":"0","name":"eventBus"}}
{"__type":"$$EventMessageNode","id":"5fcc85d5-ebcb-4a06-9d18-502cc4c7bd1c","ts":"2023-05-28T13:36:11.511-04:00","eventName":"n8n.node.finished","message":"n8n.node.finished","payload":{"executionId":"270","nodeName":"Write Binary File","workflowId":"2","workflowName":"Extract text from a PDF file","nodeType":"n8n-nodes-base.writeBinaryFile"}}
{"__type":"$$EventMessageConfirm","confirm":"5fcc85d5-ebcb-4a06-9d18-502cc4c7bd1c","ts":"2023-05-28T13:36:11.511-04:00","source":{"id":"0","name":"eventBus"}}
{"__type":"$$EventMessageNode","id":"18c7263f-df45-4a4d-9454-a46148d3d698","ts":"2023-05-28T13:36:11.512-04:00","eventName":"n8n.node.started","message":"n8n.node.started","payload":{"executionId":"270","nodeName":"Respond to Webhook2","workflowId":"2","workflowName":"Extract text from a PDF file","nodeType":"n8n-nodes-base.respondToWebhook"}}
{"__type":"$$EventMessageConfirm","confirm":"18c7263f-df45-4a4d-9454-a46148d3d698","ts":"2023-05-28T13:36:11.512-04:00","source":{"id":"0","name":"eventBus"}}
{"__type":"$$EventMessageNode","id":"cfdbfc7f-666a-4ac3-a0bc-2427f7cefdf4","ts":"2023-05-28T13:36:11.514-04:00","eventName":"n8n.node.finished","message":"n8n.node.finished","payload":{"executionId":"270","nodeName":"Respond to Webhook2","workflowId":"2","workflowName":"Extract text from a PDF file","nodeType":"n8n-nodes-base.respondToWebhook"}}
{"__type":"$$EventMessageConfirm","confirm":"cfdbfc7f-666a-4ac3-a0bc-2427f7cefdf4","ts":"2023-05-28T13:36:11.515-04:00","source":{"id":"0","name":"eventBus"}}
{"__type":"$$EventMessageWorkflow","id":"ecc4c593-72e1-4820-8a01-f44dbc3e1104","ts":"2023-05-28T13:36:11.534-04:00","eventName":"n8n.workflow.success","message":"n8n.workflow.success","payload":{"executionId":"270","success":true,"userId":"4eff3942-1490-4ab5-84b2-9320798516d2","workflowId":"2","isManual":true,"workflowName":"Extract text from a PDF file"}}
{"__type":"$$EventMessageConfirm","confirm":"ecc4c593-72e1-4820-8a01-f44dbc3e1104","ts":"2023-05-28T13:36:11.534-04:00","source":{"id":"0","name":"eventBus"}}
{"__type":"$$EventMessageWorkflow","id":"0db0a237-c166-46f3-b87e-a0101cfd84b4","ts":"2023-05-28T13:36:34.068-04:00","eventName":"n8n.workflow.started","message":"n8n.workflow.started","payload":{"executionId":"271","userId":"4eff3942-1490-4ab5-84b2-9320798516d2","workflowId":"2","isManual":true,"workflowName":"Extract text from a PDF file"}}
{"__type":"$$EventMessageConfirm","confirm":"0db0a237-c166-46f3-b87e-a0101cfd84b4","ts":"2023-05-28T13:36:34.068-04:00","source":{"id":"0","name":"eventBus"}}
{"__type":"$$EventMessageNode","id":"ba243f63-8996-45d0-8a55-bc63d3a0ea5a","ts":"2023-05-28T13:36:35.358-04:00","eventName":"n8n.node.started","message":"n8n.node.started","payload":{"executionId":"271","nodeName":"Webhook","workflowId":"2","workflowName":"Extract text from a PDF file","nodeType":"n8n-nodes-base.webhook"}}
{"__type":"$$EventMessageConfirm","confirm":"ba243f63-8996-45d0-8a55-bc63d3a0ea5a","ts":"2023-05-28T13:36:35.358-04:00","source":{"id":"0","name":"eventBus"}}
{"__type":"$$EventMessageNode","id":"515518ea-efd2-4f8c-b3b1-865505f1a2c3","ts":"2023-05-28T13:36:35.359-04:00","eventName":"n8n.node.finished","message":"n8n.node.finished","payload":{"executionId":"271","nodeName":"Webhook","workflowId":"2","workflowName":"Extract text from a PDF file","nodeType":"n8n-nodes-base.webhook"}}
{"__type":"$$EventMessageConfirm","confirm":"515518ea-efd2-4f8c-b3b1-865505f1a2c3","ts":"2023-05-28T13:36:35.359-04:00","source":{"id":"0","name":"eventBus"}}
{"__type":"$$EventMessageNode","id":"29d6b2f8-81e0-4b03-ae81-f850df83a656","ts":"2023-05-28T13:36:35.359-04:00","eventName":"n8n.node.started","message":"n8n.node.started","payload":{"executionId":"271","nodeName":"IF","workflowId":"2","workflowName":"Extract text from a PDF file","nodeType":"n8n-nodes-base.if"}}
{"__type":"$$EventMessageConfirm","confirm":"29d6b2f8-81e0-4b03-ae81-f850df83a656","ts":"2023-05-28T13:36:35.359-04:00","source":{"id":"0","name":"eventBus"}}
{"__type":"$$EventMessageNode","id":"16cd693a-dca3-4bf5-aa5c-b56857820297","ts":"2023-05-28T13:36:35.389-04:00","eventName":"n8n.node.finished","message":"n8n.node.finished","payload":{"executionId":"271","nodeName":"IF","workflowId":"2","workflowName":"Extract text from a PDF file","nodeType":"n8n-nodes-base.if"}}
{"__type":"$$EventMessageConfirm","confirm":"16cd693a-dca3-4bf5-aa5c-b56857820297","ts":"2023-05-28T13:36:35.389-04:00","source":{"id":"0","name":"eventBus"}}
{"__type":"$$EventMessageNode","id":"f315cc23-7b5c-4276-8494-344e26e910bf","ts":"2023-05-28T13:36:35.390-04:00","eventName":"n8n.node.started","message":"n8n.node.started","payload":{"executionId":"271","nodeName":"Write Binary File","workflowId":"2","workflowName":"Extract text from a PDF file","nodeType":"n8n-nodes-base.writeBinaryFile"}}
{"__type":"$$EventMessageConfirm","confirm":"f315cc23-7b5c-4276-8494-344e26e910bf","ts":"2023-05-28T13:36:35.390-04:00","source":{"id":"0","name":"eventBus"}}
{"__type":"$$EventMessageNode","id":"a2468027-e38e-4ce1-95ad-649ec2dac948","ts":"2023-05-28T13:36:35.393-04:00","eventName":"n8n.node.finished","message":"n8n.node.finished","payload":{"executionId":"271","nodeName":"Write Binary File","workflowId":"2","workflowName":"Extract text from a PDF file","nodeType":"n8n-nodes-base.writeBinaryFile"}}
{"__type":"$$EventMessageConfirm","confirm":"a2468027-e38e-4ce1-95ad-649ec2dac948","ts":"2023-05-28T13:36:35.393-04:00","source":{"id":"0","name":"eventBus"}}
{"__type":"$$EventMessageNode","id":"7f7f6f8a-55bc-45e4-bc90-46da3511273e","ts":"2023-05-28T13:36:35.394-04:00","eventName":"n8n.node.started","message":"n8n.node.started","payload":{"executionId":"271","nodeName":"Respond to Webhook2","workflowId":"2","workflowName":"Extract text from a PDF file","nodeType":"n8n-nodes-base.respondToWebhook"}}
{"__type":"$$EventMessageConfirm","confirm":"7f7f6f8a-55bc-45e4-bc90-46da3511273e","ts":"2023-05-28T13:36:35.394-04:00","source":{"id":"0","name":"eventBus"}}
{"__type":"$$EventMessageNode","id":"d24672a5-5477-456e-92be-c5d2b13854d9","ts":"2023-05-28T13:36:35.395-04:00","eventName":"n8n.node.finished","message":"n8n.node.finished","payload":{"executionId":"271","nodeName":"Respond to Webhook2","workflowId":"2","workflowName":"Extract text from a PDF file","nodeType":"n8n-nodes-base.respondToWebhook"}}
{"__type":"$$EventMessageConfirm","confirm":"d24672a5-5477-456e-92be-c5d2b13854d9","ts":"2023-05-28T13:36:35.396-04:00","source":{"id":"0","name":"eventBus"}}
{"__type":"$$EventMessageWorkflow","id":"539c8586-0e88-4225-b036-c342d137f0ee","ts":"2023-05-28T13:36:35.418-04:00","eventName":"n8n.workflow.success","message":"n8n.workflow.success","payload":{"executionId":"271","success":true,"userId":"4eff3942-1490-4ab5-84b2-9320798516d2","workflowId":"2","isManual":true,"workflowName":"Extract text from a PDF file"}}
{"__type":"$$EventMessageConfirm","confirm":"539c8586-0e88-4225-b036-c342d137f0ee","ts":"2023-05-28T13:36:35.418-04:00","source":{"id":"0","name":"eventBus"}}
