{"__type":"$$EventMessageAudit","id":"e269a9b6-1511-48a0-9999-99923aedbdcc","ts":"2023-05-28T10:50:42.652-04:00","eventName":"n8n.audit.user.login.failed","message":"n8n.audit.user.login.failed","payload":{"authenticationMethod":"email","user":"n8n@n8n.com","reason":"wrong credentials"}}
{"__type":"$$EventMessageConfirm","confirm":"e269a9b6-1511-48a0-9999-99923aedbdcc","ts":"2023-05-28T10:50:42.653-04:00","source":{"id":"0","name":"eventBus"}}
{"__type":"$$EventMessageAudit","id":"a78451ca-0fe8-4c89-be8e-6714cdf35dab","ts":"2023-05-28T10:50:51.342-04:00","eventName":"n8n.audit.user.login.success","message":"n8n.audit.user.login.success","payload":{"authenticationMethod":"email","userId":"4eff3942-1490-4ab5-84b2-9320798516d2","_email":"n8n@n8n.com","_firstName":"n8n","_lastName":"n8n","globalRole":"owner"}}
{"__type":"$$EventMessageConfirm","confirm":"a78451ca-0fe8-4c89-be8e-6714cdf35dab","ts":"2023-05-28T10:50:51.342-04:00","source":{"id":"0","name":"eventBus"}}
{"__type":"$$EventMessageWorkflow","id":"9834bcbf-8b7c-4698-99bf-e3c7e7f9c2e3","ts":"2023-05-28T11:32:13.389-04:00","eventName":"n8n.workflow.started","message":"n8n.workflow.started","payload":{"executionId":"257","userId":"4eff3942-1490-4ab5-84b2-9320798516d2","workflowId":"2","isManual":true,"workflowName":"Extract text from a PDF file"}}
{"__type":"$$EventMessageConfirm","confirm":"9834bcbf-8b7c-4698-99bf-e3c7e7f9c2e3","ts":"2023-05-28T11:32:13.389-04:00","source":{"id":"0","name":"eventBus"}}
{"__type":"$$EventMessageNode","id":"2a0e9d11-b9af-445b-b5be-53676f46d041","ts":"2023-05-28T11:32:14.649-04:00","eventName":"n8n.node.started","message":"n8n.node.started","payload":{"executionId":"257","nodeName":"Webhook","workflowId":"2","workflowName":"Extract text from a PDF file","nodeType":"n8n-nodes-base.webhook"}}
{"__type":"$$EventMessageConfirm","confirm":"2a0e9d11-b9af-445b-b5be-53676f46d041","ts":"2023-05-28T11:32:14.649-04:00","source":{"id":"0","name":"eventBus"}}
{"__type":"$$EventMessageNode","id":"27b05e01-0f99-4839-9b06-979bda869202","ts":"2023-05-28T11:32:14.650-04:00","eventName":"n8n.node.finished","message":"n8n.node.finished","payload":{"executionId":"257","nodeName":"Webhook","workflowId":"2","workflowName":"Extract text from a PDF file","nodeType":"n8n-nodes-base.webhook"}}
{"__type":"$$EventMessageConfirm","confirm":"27b05e01-0f99-4839-9b06-979bda869202","ts":"2023-05-28T11:32:14.650-04:00","source":{"id":"0","name":"eventBus"}}
{"__type":"$$EventMessageNode","id":"afdb819d-94cc-488b-8ebc-dd55607310d8","ts":"2023-05-28T11:32:14.652-04:00","eventName":"n8n.node.started","message":"n8n.node.started","payload":{"executionId":"257","nodeName":"IF","workflowId":"2","workflowName":"Extract text from a PDF file","nodeType":"n8n-nodes-base.if"}}
{"__type":"$$EventMessageConfirm","confirm":"afdb819d-94cc-488b-8ebc-dd55607310d8","ts":"2023-05-28T11:32:14.652-04:00","source":{"id":"0","name":"eventBus"}}
{"__type":"$$EventMessageNode","id":"e7c7857a-9d0b-4af0-896e-80340799f693","ts":"2023-05-28T11:32:14.678-04:00","eventName":"n8n.node.finished","message":"n8n.node.finished","payload":{"executionId":"257","nodeName":"IF","workflowId":"2","workflowName":"Extract text from a PDF file","nodeType":"n8n-nodes-base.if"}}
{"__type":"$$EventMessageConfirm","confirm":"e7c7857a-9d0b-4af0-896e-80340799f693","ts":"2023-05-28T11:32:14.678-04:00","source":{"id":"0","name":"eventBus"}}
{"__type":"$$EventMessageNode","id":"4b7c6a71-8d84-45a5-94ce-26fa0347f46a","ts":"2023-05-28T11:32:14.680-04:00","eventName":"n8n.node.started","message":"n8n.node.started","payload":{"executionId":"257","nodeName":"Write Binary File","workflowId":"2","workflowName":"Extract text from a PDF file","nodeType":"n8n-nodes-base.writeBinaryFile"}}
{"__type":"$$EventMessageConfirm","confirm":"4b7c6a71-8d84-45a5-94ce-26fa0347f46a","ts":"2023-05-28T11:32:14.680-04:00","source":{"id":"0","name":"eventBus"}}
{"__type":"$$EventMessageNode","id":"2b1909a0-5211-42a4-a217-908468746a0f","ts":"2023-05-28T11:32:14.681-04:00","eventName":"n8n.node.finished","message":"n8n.node.finished","payload":{"executionId":"257","nodeName":"Write Binary File","workflowId":"2","workflowName":"Extract text from a PDF file","nodeType":"n8n-nodes-base.writeBinaryFile"}}
{"__type":"$$EventMessageConfirm","confirm":"2b1909a0-5211-42a4-a217-908468746a0f","ts":"2023-05-28T11:32:14.681-04:00","source":{"id":"0","name":"eventBus"}}
{"__type":"$$EventMessageWorkflow","id":"556455d3-2261-47a5-8f35-b9070ebc2cca","ts":"2023-05-28T11:32:14.714-04:00","eventName":"n8n.workflow.failed","message":"n8n.workflow.failed","payload":{"executionId":"257","success":false,"userId":"4eff3942-1490-4ab5-84b2-9320798516d2","workflowId":"2","lastNodeExecuted":"Write Binary File","errorNodeType":"n8n-nodes-base.writeBinaryFile","errorNodeId":"5","errorMessage":"EACCES: permission denied, open '/data/soccer.pdf'","isManual":true,"workflowName":"Extract text from a PDF file"}}
{"__type":"$$EventMessageConfirm","confirm":"556455d3-2261-47a5-8f35-b9070ebc2cca","ts":"2023-05-28T11:32:14.714-04:00","source":{"id":"0","name":"eventBus"}}
